  MusicVisualizerApp.cpp
C:\Users\yomvol\Desktop\Portfolio\MusicVisualizer\src\MusicVisualizerApp.cpp(154,70): warning C4244: 'argument': conversion from 'int' to 'T', possible loss of data
          with
          [
              T=float
          ]
C:\Users\yomvol\Desktop\Portfolio\MusicVisualizer\src\MusicVisualizerApp.cpp(154,20): warning C4244: 'argument': conversion from 'int' to 'T', possible loss of data
          with
          [
              T=float
          ]
C:\Users\yomvol\Desktop\Portfolio\MusicVisualizer\src\MusicVisualizerApp.cpp(153,92): warning C4244: 'argument': conversion from 'int' to 'T', possible loss of data
          with
          [
              T=float
          ]
C:\Users\yomvol\Desktop\Portfolio\MusicVisualizer\src\MusicVisualizerApp.cpp(153,60): warning C4244: 'argument': conversion from 'int' to 'T', possible loss of data
          with
          [
              T=float
          ]
C:\Program Files\Microsoft Visual Studio\2022\Community\VC\Tools\MSVC\14.29.30133\include\memory(3416,56): warning C4244: 'argument': conversion from '_Ty' to 'float', possible loss of data
          with
          [
              _Ty=size_t
          ]
C:\Users\yomvol\Desktop\Portfolio\MusicVisualizer\src\MusicVisualizerApp.cpp(84): message : see reference to function template instantiation 'std::unique_ptr<RGBMask,std::default_delete<RGBMask>> std::make_unique<RGBMask,size_t,0>(size_t &&)' being compiled
  MusicVisualizer.vcxproj -> C:\Users\yomvol\Desktop\Portfolio\MusicVisualizer\vc2019\x64\Debug\MusicVisualizer.exe
